<?xml version="1.0" encoding="UTF-8"?>
<!-- Generated by org.testng.reporters.JUnitXMLReporter -->
<testsuite ignored="0" hostname="DESKTOP-AMGSKQ8" failures="0" tests="4" name="Default test" time="6.762" errors="0" timestamp="2024-10-22T11:23:01 IST">
  <testcase classname="api.test.UserTest" name="createUser" time="2.8"/>
  <testcase classname="api.test.UserTest" name="getUser" time="1.091"/>
  <testcase classname="api.test.UserTest" name="updateUser" time="1.057"/>
  <testcase classname="api.test.UserTest" name="deleteUser" time="1.031"/>
</testsuite> <!-- Default test -->
