<?xml version="1.0" encoding="UTF-8"?>
<testng-results ignored="0" total="4" passed="4" failed="0" skipped="0">
  <reporter-output>
  </reporter-output>
  <suite started-at="2024-10-22T11:42:42 IST" name="PetSuite" finished-at="2024-10-22T11:42:50 IST" duration-ms="8027">
    <groups>
    </groups>
    <test started-at="2024-10-22T11:42:42 IST" name="Test" finished-at="2024-10-22T11:42:50 IST" duration-ms="8027">
      <class name="api.test.UserTest">
        <test-method is-config="true" signature="prepareData()[pri:0, instance:api.test.UserTest@5b7a5baa]" started-at="2024-10-22T11:42:42 IST" name="prepareData" finished-at="2024-10-22T11:42:43 IST" duration-ms="828" status="PASS">
          <reporter-output>
          </reporter-output>
        </test-method> <!-- prepareData -->
        <test-method signature="createUser()[pri:1, instance:api.test.UserTest@5b7a5baa]" started-at="2024-10-22T11:42:43 IST" name="createUser" finished-at="2024-10-22T11:42:46 IST" duration-ms="3335" status="PASS">
          <reporter-output>
          </reporter-output>
        </test-method> <!-- createUser -->
        <test-method signature="getUser()[pri:2, instance:api.test.UserTest@5b7a5baa]" started-at="2024-10-22T11:42:46 IST" name="getUser" finished-at="2024-10-22T11:42:47 IST" duration-ms="1094" status="PASS">
          <reporter-output>
          </reporter-output>
        </test-method> <!-- getUser -->
        <test-method signature="updateUser()[pri:3, instance:api.test.UserTest@5b7a5baa]" started-at="2024-10-22T11:42:47 IST" name="updateUser" finished-at="2024-10-22T11:42:49 IST" duration-ms="1084" status="PASS">
          <reporter-output>
          </reporter-output>
        </test-method> <!-- updateUser -->
        <test-method signature="deleteUser()[pri:4, instance:api.test.UserTest@5b7a5baa]" started-at="2024-10-22T11:42:49 IST" name="deleteUser" finished-at="2024-10-22T11:42:50 IST" duration-ms="1133" status="PASS">
          <reporter-output>
          </reporter-output>
        </test-method> <!-- deleteUser -->
      </class> <!-- api.test.UserTest -->
    </test> <!-- Test -->
  </suite> <!-- PetSuite -->
</testng-results>
