<?xml version="1.0" encoding="UTF-8"?>
<!-- Generated by org.testng.reporters.JUnitXMLReporter -->
<testsuite ignored="0" hostname="DESKTOP-AMGSKQ8" failures="0" tests="4" name="Test" time="8.027" errors="0" timestamp="2024-10-22T11:42:50 IST">
  <testcase classname="api.test.UserTest" name="createUser" time="3.335"/>
  <testcase classname="api.test.UserTest" name="getUser" time="1.094"/>
  <testcase classname="api.test.UserTest" name="updateUser" time="1.084"/>
  <testcase classname="api.test.UserTest" name="deleteUser" time="1.133"/>
</testsuite> <!-- Test -->
